<<<<<<< HEAD
C51 COMPILER V9.57.0.0   LCD1602                                                           06/06/2020 21:36:55 PAGE 1   


C51 COMPILER V9.57.0.0, COMPILATION OF MODULE LCD1602
OBJECT MODULE PLACED IN ..\OBJ\lcd1602.obj
COMPILER INVOKED BY: e:\Keil_v5\C51\BIN\C51.EXE ..\HARDWARE\lcd1602.c OPTIMIZE(8,SPEED) BROWSE INCDIR(..\HARDWARE) DEBUG
                    - OBJECTEXTEND PRINT(.\Listings\lcd1602.lst) OBJECT(..\OBJ\lcd1602.obj)

line level    source

   1          #include "lcd1602.h"
   2          
   3          void LCD1602_Delay1ms(uint c)
   4          {
   5   1              uchar a, b;
   6   1              for(; c > 0; c--)
   7   1                      for(b = 199; b > 0; b--)
   8   1                              for(a = 1; a > 0; a--);
   9   1      }
  10          
  11          // LCD1602写指令――8位数据线
  12          void LCD1602_WriteCmd(uchar cmd)
  13          {
  14   1              LCD1602_E  = 0;
  15   1              LCD1602_RS = 0;
  16   1              LCD1602_RW = 0;
  17   1              
  18   1              LCD1602_DATAPINS = cmd;
  19   1              LCD1602_Delay1ms(1);
  20   1              
  21   1              LCD1602_E = 1;
  22   1              LCD1602_Delay1ms(5);
  23   1              LCD1602_E = 0;
  24   1      }
  25          
  26          // LCD1602写数据――8位数据线
  27          void LCD1602_WriteDat(uchar dat)
  28          {
  29   1              LCD1602_E  = 0;
  30   1              // 写入数据至CGRAM或DDRAM
  31   1              LCD1602_RS = 1;
  32   1              LCD1602_RW = 0;
  33   1              
  34   1              LCD1602_DATAPINS = dat;
  35   1              LCD1602_Delay1ms(1);
  36   1              
  37   1              LCD1602_E = 1;
  38   1              LCD1602_Delay1ms(5);
  39   1              LCD1602_E = 0;
  40   1      }
  41          
  42          // 设置为第一行还是第二行，1为第一行，2为第二行
  43          void LCD1602_SetLine(uchar line)
  44          {
  45   1              // 光标起始地址要加上80H
  46   1              if(line == 1) LCD1602_WriteCmd(0x80);   // 00H + 80H
  47   1              if(line == 2) LCD1602_WriteCmd(0xC0);   // 40H + 80H
  48   1      }
  49          
  50          // 初始化函数，可以修改为自己喜欢的模式
  51          void LCD1602_Init()
  52          {
  53   1              /* LCD1602功能设置――001(DL) NFXX
  54   1             DL：表示在高电平时为8位总线，低电平时为4位总线（低四位不用）
C51 COMPILER V9.57.0.0   LCD1602                                                           06/06/2020 21:36:55 PAGE 2   

  55   1             N： 表示在低电平时为单行显示，高电平时双行显示
  56   1             F： 表示在低电平时显示5 × 7点阵每字符，高电平时显示5 × 10点阵每字符 */ 
  57   1              LCD1602_WriteCmd(0x38);
  58   1              /* LCD1602显示开关控制――0000 1DCB
  59   1             D： 用于控制整体显示的开与关，高电平表示开显示，低电平表示关显示
  60   1             C： 用于控制光标的开与关，高电平表示有光标，低电平表示无光标
  61   1             B： 用于控制光标是否闪烁，高电平闪烁，低电平不闪烁 */
  62   1              LCD1602_WriteCmd(0x0C);
  63   1              /* LCD1602输入方式设置――0000 01(ID)S
  64   1             ID：表示光标的移动方向，高电平右移，低电平左移
  65   1                 S： 表示显示屏上所有文字是否左移或右移，高电平表示有效，低电平表示无效 */
  66   1              LCD1602_WriteCmd(0x06);
  67   1              // 清屏
  68   1              LCD1602_WriteCmd(0x01);
  69   1      }


MODULE INFORMATION:   STATIC OVERLAYABLE
   CODE SIZE        =    101    ----
   CONSTANT SIZE    =   ----    ----
   XDATA SIZE       =   ----    ----
   PDATA SIZE       =   ----    ----
   DATA SIZE        =   ----    ----
   IDATA SIZE       =   ----    ----
   BIT SIZE         =   ----    ----
END OF MODULE INFORMATION.


C51 COMPILATION COMPLETE.  0 WARNING(S),  0 ERROR(S)
=======
C51 COMPILER V9.57.0.0   LCD1602                                                           06/06/2020 21:36:55 PAGE 1   


C51 COMPILER V9.57.0.0, COMPILATION OF MODULE LCD1602
OBJECT MODULE PLACED IN ..\OBJ\lcd1602.obj
COMPILER INVOKED BY: e:\Keil_v5\C51\BIN\C51.EXE ..\HARDWARE\lcd1602.c OPTIMIZE(8,SPEED) BROWSE INCDIR(..\HARDWARE) DEBUG
                    - OBJECTEXTEND PRINT(.\Listings\lcd1602.lst) OBJECT(..\OBJ\lcd1602.obj)

line level    source

   1          #include "lcd1602.h"
   2          
   3          void LCD1602_Delay1ms(uint c)
   4          {
   5   1              uchar a, b;
   6   1              for(; c > 0; c--)
   7   1                      for(b = 199; b > 0; b--)
   8   1                              for(a = 1; a > 0; a--);
   9   1      }
  10          
  11          // LCD1602写指令――8位数据线
  12          void LCD1602_WriteCmd(uchar cmd)
  13          {
  14   1              LCD1602_E  = 0;
  15   1              LCD1602_RS = 0;
  16   1              LCD1602_RW = 0;
  17   1              
  18   1              LCD1602_DATAPINS = cmd;
  19   1              LCD1602_Delay1ms(1);
  20   1              
  21   1              LCD1602_E = 1;
  22   1              LCD1602_Delay1ms(5);
  23   1              LCD1602_E = 0;
  24   1      }
  25          
  26          // LCD1602写数据――8位数据线
  27          void LCD1602_WriteDat(uchar dat)
  28          {
  29   1              LCD1602_E  = 0;
  30   1              // 写入数据至CGRAM或DDRAM
  31   1              LCD1602_RS = 1;
  32   1              LCD1602_RW = 0;
  33   1              
  34   1              LCD1602_DATAPINS = dat;
  35   1              LCD1602_Delay1ms(1);
  36   1              
  37   1              LCD1602_E = 1;
  38   1              LCD1602_Delay1ms(5);
  39   1              LCD1602_E = 0;
  40   1      }
  41          
  42          // 设置为第一行还是第二行，1为第一行，2为第二行
  43          void LCD1602_SetLine(uchar line)
  44          {
  45   1              // 光标起始地址要加上80H
  46   1              if(line == 1) LCD1602_WriteCmd(0x80);   // 00H + 80H
  47   1              if(line == 2) LCD1602_WriteCmd(0xC0);   // 40H + 80H
  48   1      }
  49          
  50          // 初始化函数，可以修改为自己喜欢的模式
  51          void LCD1602_Init()
  52          {
  53   1              /* LCD1602功能设置――001(DL) NFXX
  54   1             DL：表示在高电平时为8位总线，低电平时为4位总线（低四位不用）
C51 COMPILER V9.57.0.0   LCD1602                                                           06/06/2020 21:36:55 PAGE 2   

  55   1             N： 表示在低电平时为单行显示，高电平时双行显示
  56   1             F： 表示在低电平时显示5 × 7点阵每字符，高电平时显示5 × 10点阵每字符 */ 
  57   1              LCD1602_WriteCmd(0x38);
  58   1              /* LCD1602显示开关控制――0000 1DCB
  59   1             D： 用于控制整体显示的开与关，高电平表示开显示，低电平表示关显示
  60   1             C： 用于控制光标的开与关，高电平表示有光标，低电平表示无光标
  61   1             B： 用于控制光标是否闪烁，高电平闪烁，低电平不闪烁 */
  62   1              LCD1602_WriteCmd(0x0C);
  63   1              /* LCD1602输入方式设置――0000 01(ID)S
  64   1             ID：表示光标的移动方向，高电平右移，低电平左移
  65   1                 S： 表示显示屏上所有文字是否左移或右移，高电平表示有效，低电平表示无效 */
  66   1              LCD1602_WriteCmd(0x06);
  67   1              // 清屏
  68   1              LCD1602_WriteCmd(0x01);
  69   1      }


MODULE INFORMATION:   STATIC OVERLAYABLE
   CODE SIZE        =    101    ----
   CONSTANT SIZE    =   ----    ----
   XDATA SIZE       =   ----    ----
   PDATA SIZE       =   ----    ----
   DATA SIZE        =   ----    ----
   IDATA SIZE       =   ----    ----
   BIT SIZE         =   ----    ----
END OF MODULE INFORMATION.


C51 COMPILATION COMPLETE.  0 WARNING(S),  0 ERROR(S)
>>>>>>> 64c192fc79434a4be878e64dcbbf3fda3a7e4b5e
