C51 COMPILER V9.57.0.0   LCD1602_MAIN                                                      06/12/2020 14:10:59 PAGE 1   


C51 COMPILER V9.57.0.0, COMPILATION OF MODULE LCD1602_MAIN
OBJECT MODULE PLACED IN ..\OBJ\LCD1602_main.obj
COMPILER INVOKED BY: e:\Keil_v5\C51\BIN\C51.EXE LCD1602_main.c OPTIMIZE(8,SPEED) BROWSE INCDIR(..\HARDWARE) DEBUG OBJECT
                    -EXTEND PRINT(.\Listings\LCD1602_main.lst) OBJECT(..\OBJ\LCD1602_main.obj)

line level    source

   1          #include <reg52.h>
   2          #include "lcd1602.h"
   3          
   4          // 定义常用类型
   5          #ifndef u8
              #define u8 unsigned char
              #endif
   8          #ifndef u16
              #define u16 unsigned int
              #endif
  11          
  12          void main()
  13          {
  14   1              u8 i;
  15   1              u8 displayWords1[] = " Linkat Horizon ";
  16   1              u8 displayWords2[] = " Happy Coding!! ";
  17   1              
  18   1              LCD1602_Init();
  19   1              
  20   1              // 第一行
  21   1              LCD1602_SetLine(1);
  22   1              for(i = 0; i < 16; i++) LCD1602_WriteDat(displayWords1[i]);
  23   1              
  24   1              // 第二行
  25   1              LCD1602_SetLine(2);
  26   1              for(i = 0; i < 16; i++) LCD1602_WriteDat(displayWords2[i]);
  27   1              
  28   1              while(1);
  29   1      }


MODULE INFORMATION:   STATIC OVERLAYABLE
   CODE SIZE        =     97    ----
   CONSTANT SIZE    =     34    ----
   XDATA SIZE       =   ----    ----
   PDATA SIZE       =   ----    ----
   DATA SIZE        =   ----      35
   IDATA SIZE       =   ----    ----
   BIT SIZE         =   ----    ----
END OF MODULE INFORMATION.


C51 COMPILATION COMPLETE.  0 WARNING(S),  0 ERROR(S)
