C51 COMPILER V9.57.0.0   RELAY                                                             06/11/2020 19:37:01 PAGE 1   


C51 COMPILER V9.57.0.0, COMPILATION OF MODULE RELAY
OBJECT MODULE PLACED IN ..\OBJ\relay.obj
COMPILER INVOKED BY: e:\Keil_v5\C51\BIN\C51.EXE ..\HARDWARE\relay.c OPTIMIZE(8,SPEED) BROWSE INCDIR(..\HARDWARE) DEBUG O
                    -BJECTEXTEND PRINT(.\Listings\relay.lst) OBJECT(..\OBJ\relay.obj)

line level    source

   1          #include "relay.h"
   2          
   3          // 打开（1）或关上（0）继电器
   4          void Relay_Switch(u8 on_off)
   5          {
   6   1              Relay = !on_off;
   7   1      }


MODULE INFORMATION:   STATIC OVERLAYABLE
   CODE SIZE        =      7    ----
   CONSTANT SIZE    =   ----    ----
   XDATA SIZE       =   ----    ----
   PDATA SIZE       =   ----    ----
   DATA SIZE        =   ----    ----
   IDATA SIZE       =   ----    ----
   BIT SIZE         =   ----    ----
END OF MODULE INFORMATION.


C51 COMPILATION COMPLETE.  0 WARNING(S),  0 ERROR(S)
