C51 COMPILER V9.57.0.0   1SEG_MAIN                                                         06/12/2020 14:08:09 PAGE 1   


C51 COMPILER V9.57.0.0, COMPILATION OF MODULE 1SEG_MAIN
OBJECT MODULE PLACED IN ..\OBJ\1seg_main.obj
COMPILER INVOKED BY: e:\Keil_v5\C51\BIN\C51.EXE 1seg_main.c OPTIMIZE(8,SPEED) BROWSE INCDIR(..\HARDWARE) DEBUG OBJECTEXT
                    -END PRINT(.\Listings\1seg_main.lst) OBJECT(..\OBJ\1seg_main.obj)

line level    source

   1          #include <reg52.h>
   2          #include "1seg.h"
   3          
   4          // 定义常用类型
   5          #ifndef u8
              #define u8 unsigned char
              #endif
   8          #ifndef u16
              #define u16  unsigned int
              #endif
  11          
  12          sbit Logic_Level = P2^7;        // 来判断逻辑电平的引脚
  13          
  14          void Delay(u16 t)
  15          {
  16   1              while(t--);
  17   1      }
  18          
  19          void main()
  20          {
  21   1              u8 i;
  22   1              
  23   1              while(1)
  24   1              {
  25   2                      for(i = 0; i < 18; i++)
  26   2                      {
  27   3                              LED_1Seg_Display(i, 0);
  28   3                              Delay(60000);
  29   3                      }
  30   2                      Delay(60000);
  31   2                      
  32   2                      LED_1Seg_LogicLevel(Logic_Level);
  33   2                      Delay(60000);
  34   2              }
  35   1      }


MODULE INFORMATION:   STATIC OVERLAYABLE
   CODE SIZE        =     53    ----
   CONSTANT SIZE    =   ----    ----
   XDATA SIZE       =   ----    ----
   PDATA SIZE       =   ----    ----
   DATA SIZE        =   ----       1
   IDATA SIZE       =   ----    ----
   BIT SIZE         =   ----    ----
END OF MODULE INFORMATION.


C51 COMPILATION COMPLETE.  0 WARNING(S),  0 ERROR(S)
