C51 COMPILER V9.57.0.0   1SEG_74XX164_MAIN                                                 06/12/2020 14:08:14 PAGE 1   


C51 COMPILER V9.57.0.0, COMPILATION OF MODULE 1SEG_74XX164_MAIN
OBJECT MODULE PLACED IN ..\OBJ\1seg_74xx164_main.obj
COMPILER INVOKED BY: e:\Keil_v5\C51\BIN\C51.EXE 1seg_74xx164_main.c OPTIMIZE(8,SPEED) BROWSE INCDIR(..\HARDWARE) DEBUG O
                    -BJECTEXTEND PRINT(.\Listings\1seg_74xx164_main.lst) OBJECT(..\OBJ\1seg_74xx164_main.obj)

line level    source

   1          #include <reg52.h>
   2          #include "74xx164.h"
   3          #include "1seg_74xx164.h"
   4          
   5          // 定义常用类型
   6          #ifndef u8
              #define u8 unsigned char
              #endif
   9          #ifndef u16
              #define u16  unsigned int
              #endif
  12          
  13          void Delay(u16 t)
  14          {
  15   1              while(t--);
  16   1      }
  17          
  18          void main()
  19          {
  20   1              u8 i;
  21   1              
  22   1              _74XX164_Disable();
  23   1              _74XX164_Enable();
  24   1              
  25   1              while(1)
  26   1              {
  27   2                      for(i = 0; i < 18; i++)
  28   2                      {
  29   3                              LED_1Seg_Display(i, 0);
  30   3                              Delay(60000);
  31   3                              Delay(60000);
  32   3                      }
  33   2              }
  34   1      }


MODULE INFORMATION:   STATIC OVERLAYABLE
   CODE SIZE        =     52    ----
   CONSTANT SIZE    =   ----    ----
   XDATA SIZE       =   ----    ----
   PDATA SIZE       =   ----    ----
   DATA SIZE        =   ----       1
   IDATA SIZE       =   ----    ----
   BIT SIZE         =   ----    ----
END OF MODULE INFORMATION.


C51 COMPILATION COMPLETE.  0 WARNING(S),  0 ERROR(S)
