<<<<<<< HEAD
C51 COMPILER V9.57.0.0   1SEG_CC                                                           05/25/2020 16:19:15 PAGE 1   


C51 COMPILER V9.57.0.0, COMPILATION OF MODULE 1SEG_CC
OBJECT MODULE PLACED IN ..\OBJ\1seg_cc.obj
COMPILER INVOKED BY: e:\Keil_v5\C51\BIN\C51.EXE ..\HARDWARE\1seg_cc.c OPTIMIZE(8,SPEED) BROWSE INCDIR(..\HARDWARE) DEBUG
                    - OBJECTEXTEND PRINT(.\Listings\1seg_cc.lst) OBJECT(..\OBJ\1seg_cc.obj)

line level    source

   1          #include "1seg_cc.h"
   2          
   3          // 共阴数码管段选，0 ~ F & . & 空
   4          uchar code SegSel_CC[] = {0x3F, 0x06, 0x5B, 0x4F, 0x66, 0x6D, 
   5                                                            0x7D, 0x07, 0x7F, 0x6F, 0x77, 0x7C, 
   6                                                            0x39, 0x5E, 0x79, 0x71, 0x80, 0x00};
   7          
   8          // 选择要显示的数码
   9          void LED_1Seg_Display(uchar dat)
  10          {
  11   1              LED_SEG_CC = SegSel_CC[dat];
  12   1      }
  13          
  14          // 检测逻辑电平
  15          void LED_1Seg_LogicLevel(uchar dat)
  16          {
  17   1              // 高电平显示H，低电平显示L
  18   1              LED_SEG_CC = (dat ? 0x76 : 0x38);
  19   1      }


MODULE INFORMATION:   STATIC OVERLAYABLE
   CODE SIZE        =     20    ----
   CONSTANT SIZE    =     18    ----
   XDATA SIZE       =   ----    ----
   PDATA SIZE       =   ----    ----
   DATA SIZE        =   ----    ----
   IDATA SIZE       =   ----    ----
   BIT SIZE         =   ----    ----
END OF MODULE INFORMATION.


C51 COMPILATION COMPLETE.  0 WARNING(S),  0 ERROR(S)
=======
C51 COMPILER V9.57.0.0   1SEG_CC                                                           05/25/2020 16:19:15 PAGE 1   


C51 COMPILER V9.57.0.0, COMPILATION OF MODULE 1SEG_CC
OBJECT MODULE PLACED IN ..\OBJ\1seg_cc.obj
COMPILER INVOKED BY: e:\Keil_v5\C51\BIN\C51.EXE ..\HARDWARE\1seg_cc.c OPTIMIZE(8,SPEED) BROWSE INCDIR(..\HARDWARE) DEBUG
                    - OBJECTEXTEND PRINT(.\Listings\1seg_cc.lst) OBJECT(..\OBJ\1seg_cc.obj)

line level    source

   1          #include "1seg_cc.h"
   2          
   3          // 共阴数码管段选，0 ~ F & . & 空
   4          uchar code SegSel_CC[] = {0x3F, 0x06, 0x5B, 0x4F, 0x66, 0x6D, 
   5                                                            0x7D, 0x07, 0x7F, 0x6F, 0x77, 0x7C, 
   6                                                            0x39, 0x5E, 0x79, 0x71, 0x80, 0x00};
   7          
   8          // 选择要显示的数码
   9          void LED_1Seg_Display(uchar dat)
  10          {
  11   1              LED_SEG_CC = SegSel_CC[dat];
  12   1      }
  13          
  14          // 检测逻辑电平
  15          void LED_1Seg_LogicLevel(uchar dat)
  16          {
  17   1              // 高电平显示H，低电平显示L
  18   1              LED_SEG_CC = (dat ? 0x76 : 0x38);
  19   1      }


MODULE INFORMATION:   STATIC OVERLAYABLE
   CODE SIZE        =     20    ----
   CONSTANT SIZE    =     18    ----
   XDATA SIZE       =   ----    ----
   PDATA SIZE       =   ----    ----
   DATA SIZE        =   ----    ----
   IDATA SIZE       =   ----    ----
   BIT SIZE         =   ----    ----
END OF MODULE INFORMATION.


C51 COMPILATION COMPLETE.  0 WARNING(S),  0 ERROR(S)
>>>>>>> 64c192fc79434a4be878e64dcbbf3fda3a7e4b5e
