<<<<<<< HEAD
C51 COMPILER V9.57.0.0   1SEG_74XX164                                                      05/27/2020 18:14:34 PAGE 1   


C51 COMPILER V9.57.0.0, COMPILATION OF MODULE 1SEG_74XX164
OBJECT MODULE PLACED IN ..\OBJ\1seg_74xx164.obj
COMPILER INVOKED BY: e:\Keil_v5\C51\BIN\C51.EXE ..\HARDWARE\1seg_74xx164.c OPTIMIZE(8,SPEED) BROWSE INCDIR(..\HARDWARE) 
                    -DEBUG OBJECTEXTEND PRINT(.\Listings\1seg_74xx164.lst) OBJECT(..\OBJ\1seg_74xx164.obj)

line level    source

   1          #include "1seg_74xx164.h"
   2          
   3          #ifdef CA
              // 共阳数码管段选，0 ~ F & . & 空
              uchar code SegSel_CA[] = {0xC0, 0xF9, 0xA4, 0xB0, 0x99, 0x92, 
                                                                0x82, 0xF8, 0x80, 0x90, 0x88, 0x83, 
                                                                0xC6, 0xA1, 0x86, 0x8E, 0x7F, 0xFF};
              #elif defined CC
   9          uchar code SegSel_CC[] = {0x3F, 0x06, 0x5B, 0x4F, 0x66, 0x6D, 
  10                                                            0x7D, 0x07, 0x7F, 0x6F, 0x77, 0x7C, 
  11                                                            0x39, 0x5E, 0x79, 0x71, 0x80, 0x00};  
  12          #endif
  13                                                            
  14          #ifdef CA
              // 选择要显示的数码
              void LED_1Seg_Display(uchar dat, uchar dp)
              {
                      _74XX164_SendByte(SegSel_CA[dat] + (SegSel_CA[16] * dp));
              }
              #elif defined CC
  21          // 选择要显示的数码
  22          void LED_1Seg_Display(uchar dat, uchar dp)
  23          {
  24   1              _74XX164_SendByte(SegSel_CC[dat] + (SegSel_CC[16] * dp));
  25   1      }
  26          #endif


MODULE INFORMATION:   STATIC OVERLAYABLE
   CODE SIZE        =     19    ----
   CONSTANT SIZE    =     18    ----
   XDATA SIZE       =   ----    ----
   PDATA SIZE       =   ----    ----
   DATA SIZE        =   ----    ----
   IDATA SIZE       =   ----    ----
   BIT SIZE         =   ----    ----
END OF MODULE INFORMATION.


C51 COMPILATION COMPLETE.  0 WARNING(S),  0 ERROR(S)
=======
C51 COMPILER V9.57.0.0   1SEG_74XX164                                                      05/27/2020 18:14:34 PAGE 1   


C51 COMPILER V9.57.0.0, COMPILATION OF MODULE 1SEG_74XX164
OBJECT MODULE PLACED IN ..\OBJ\1seg_74xx164.obj
COMPILER INVOKED BY: e:\Keil_v5\C51\BIN\C51.EXE ..\HARDWARE\1seg_74xx164.c OPTIMIZE(8,SPEED) BROWSE INCDIR(..\HARDWARE) 
                    -DEBUG OBJECTEXTEND PRINT(.\Listings\1seg_74xx164.lst) OBJECT(..\OBJ\1seg_74xx164.obj)

line level    source

   1          #include "1seg_74xx164.h"
   2          
   3          #ifdef CA
              // 共阳数码管段选，0 ~ F & . & 空
              uchar code SegSel_CA[] = {0xC0, 0xF9, 0xA4, 0xB0, 0x99, 0x92, 
                                                                0x82, 0xF8, 0x80, 0x90, 0x88, 0x83, 
                                                                0xC6, 0xA1, 0x86, 0x8E, 0x7F, 0xFF};
              #elif defined CC
   9          uchar code SegSel_CC[] = {0x3F, 0x06, 0x5B, 0x4F, 0x66, 0x6D, 
  10                                                            0x7D, 0x07, 0x7F, 0x6F, 0x77, 0x7C, 
  11                                                            0x39, 0x5E, 0x79, 0x71, 0x80, 0x00};  
  12          #endif
  13                                                            
  14          #ifdef CA
              // 选择要显示的数码
              void LED_1Seg_Display(uchar dat, uchar dp)
              {
                      _74XX164_SendByte(SegSel_CA[dat] + (SegSel_CA[16] * dp));
              }
              #elif defined CC
  21          // 选择要显示的数码
  22          void LED_1Seg_Display(uchar dat, uchar dp)
  23          {
  24   1              _74XX164_SendByte(SegSel_CC[dat] + (SegSel_CC[16] * dp));
  25   1      }
  26          #endif


MODULE INFORMATION:   STATIC OVERLAYABLE
   CODE SIZE        =     19    ----
   CONSTANT SIZE    =     18    ----
   XDATA SIZE       =   ----    ----
   PDATA SIZE       =   ----    ----
   DATA SIZE        =   ----    ----
   IDATA SIZE       =   ----    ----
   BIT SIZE         =   ----    ----
END OF MODULE INFORMATION.


C51 COMPILATION COMPLETE.  0 WARNING(S),  0 ERROR(S)
>>>>>>> 64c192fc79434a4be878e64dcbbf3fda3a7e4b5e
