C51 COMPILER V9.57.0.0   SEPARATEKEYS_CLASSIC_MAIN                                         05/30/2020 17:08:07 PAGE 1   


C51 COMPILER V9.57.0.0, COMPILATION OF MODULE SEPARATEKEYS_CLASSIC_MAIN
OBJECT MODULE PLACED IN ..\OBJ\SeparateKeys_Classic_main.obj
COMPILER INVOKED BY: e:\Keil_v5\C51\BIN\C51.EXE SeparateKeys_Classic_main.c OPTIMIZE(8,SPEED) BROWSE INCDIR(..\HARDWARE)
                    - DEBUG OBJECTEXTEND PRINT(.\Listings\SeparateKeys_Classic_main.lst) OBJECT(..\OBJ\SeparateKeys_Classic_main.obj)

line level    source

   1          #include <reg52.h>
   2          #include "key_classic.h"
   3          
   4          typedef unsigned char u8;       // 0 ~ 255
   5          typedef unsigned int  u16;      // 0 ~ 65535
   6          
   7          // 定义从左到右对应位置的LED
   8          #define LEDS P0
   9          
  10          void main()
  11          {
  12   1              u8 keyVal = 0;
  13   1              
  14   1              LEDS = 0x00;
  15   1              while(1)
  16   1              {
  17   2                      // 检测按键是否发生，返回对应的键值
  18   2                      keyVal = KeyScan_Classic();
  19   2                      if(keyVal)
  20   2                      {
  21   3                              LEDS = 0x01 << (keyVal - 1);
  22   3                      }
  23   2          } 
  24   1      }


MODULE INFORMATION:   STATIC OVERLAYABLE
   CODE SIZE        =     27    ----
   CONSTANT SIZE    =   ----    ----
   XDATA SIZE       =   ----    ----
   PDATA SIZE       =   ----    ----
   DATA SIZE        =   ----    ----
   IDATA SIZE       =   ----    ----
   BIT SIZE         =   ----    ----
END OF MODULE INFORMATION.


C51 COMPILATION COMPLETE.  0 WARNING(S),  0 ERROR(S)
